0 info it worked if it ends with ok
1 verbose cli [ '/Users/Rio/.nodenv/versions/5.1.0/bin/node',
1 verbose cli   '/Users/Rio/.nodenv/versions/5.1.0/bin/npm',
1 verbose cli   'start' ]
2 info using npm@3.3.12
3 info using node@v5.1.0
4 verbose run-script [ 'prestart', 'start', 'poststart' ]
5 info lifecycle angular2_bulma_sample@0.0.1~prestart: angular2_bulma_sample@0.0.1
6 silly lifecycle angular2_bulma_sample@0.0.1~prestart: no script for prestart, continuing
7 info lifecycle angular2_bulma_sample@0.0.1~start: angular2_bulma_sample@0.0.1
8 verbose lifecycle angular2_bulma_sample@0.0.1~start: unsafe-perm in lifecycle true
9 verbose lifecycle angular2_bulma_sample@0.0.1~start: PATH: /Users/Rio/.nodenv/versions/5.1.0/lib/node_modules/npm/bin/node-gyp-bin:/Users/Rio/Workspace/Rio/angular2_bulma_sample/node_modules/.bin:/Users/Rio/.nodenv/versions/5.1.0/bin:/usr/local/Cellar/nodenv/1.0.0/libexec:/Users/Rio/.rbenv/shims:/Users/Rio/Workspace/go/bin:/usr/local/go/bin:/usr/local/var/pyenv/shims:/Users/Rio/.nodenv/shims:/Users/Rio/.nodenv/versions/5.1.0/bin:/usr/local/var/pyenv/shims:/usr/local/bin:/usr/bin:/bin:/usr/sbin:/usr/local/share/git-core/contrib/diff-highlight:/sbin
10 verbose lifecycle angular2_bulma_sample@0.0.1~start: CWD: /Users/Rio/Workspace/Rio/angular2_bulma_sample
11 silly lifecycle angular2_bulma_sample@0.0.1~start: Args: [ '-c', 'tsc && concurrently "npm run tsc:w" "npm run lite" ' ]
12 silly lifecycle angular2_bulma_sample@0.0.1~start: Returned: code: 2  signal: null
13 info lifecycle angular2_bulma_sample@0.0.1~start: Failed to exec start script
14 verbose stack Error: angular2_bulma_sample@0.0.1 start: `tsc && concurrently "npm run tsc:w" "npm run lite" `
14 verbose stack Exit status 2
14 verbose stack     at EventEmitter.<anonymous> (/Users/Rio/.nodenv/versions/5.1.0/lib/node_modules/npm/lib/utils/lifecycle.js:232:16)
14 verbose stack     at emitTwo (events.js:87:13)
14 verbose stack     at EventEmitter.emit (events.js:172:7)
14 verbose stack     at ChildProcess.<anonymous> (/Users/Rio/.nodenv/versions/5.1.0/lib/node_modules/npm/lib/utils/spawn.js:24:14)
14 verbose stack     at emitTwo (events.js:87:13)
14 verbose stack     at ChildProcess.emit (events.js:172:7)
14 verbose stack     at maybeClose (internal/child_process.js:818:16)
14 verbose stack     at Process.ChildProcess._handle.onexit (internal/child_process.js:211:5)
15 verbose pkgid angular2_bulma_sample@0.0.1
16 verbose cwd /Users/Rio/Workspace/Rio/angular2_bulma_sample
17 error Darwin 15.6.0
18 error argv "/Users/Rio/.nodenv/versions/5.1.0/bin/node" "/Users/Rio/.nodenv/versions/5.1.0/bin/npm" "start"
19 error node v5.1.0
20 error npm  v3.3.12
21 error code ELIFECYCLE
22 error angular2_bulma_sample@0.0.1 start: `tsc && concurrently "npm run tsc:w" "npm run lite" `
22 error Exit status 2
23 error Failed at the angular2_bulma_sample@0.0.1 start script 'tsc && concurrently "npm run tsc:w" "npm run lite" '.
23 error Make sure you have the latest version of node.js and npm installed.
23 error If you do, this is most likely a problem with the angular2_bulma_sample package,
23 error not with npm itself.
23 error Tell the author that this fails on your system:
23 error     tsc && concurrently "npm run tsc:w" "npm run lite"
23 error You can get their info via:
23 error     npm owner ls angular2_bulma_sample
23 error There is likely additional logging output above.
24 verbose exit [ 1, true ]
